<?xml version="1.0" ?>
<coverage version="7.5.3" timestamp="1717267743786" lines-valid="3" lines-covered="2" line-rate="0.6667" branches-valid="0" branches-covered="0" branch-rate="1" complexity="0">
	<!-- Generated by coverage.py: https://coverage.readthedocs.io/en/7.5.3 -->
	<!-- Based on https://raw.githubusercontent.com/cobertura/web/master/htdocs/xml/coverage-04.dtd -->
	<sources>
		<source>/code/app</source>
	</sources>
	<packages>
		<package name="src.trash" line-rate="0.6667" branch-rate="1" complexity="0">
			<classes>
				<class name="__init__.py" filename="src/trash/__init__.py" complexity="0" line-rate="0.6667" branch-rate="1">
					<methods/>
					<lines>
						<line number="1" hits="1"/>
						<line number="4" hits="1"/>
						<line number="5" hits="0"/>
					</lines>
				</class>
			</classes>
		</package>
	</packages>
</coverage>
